2021-12-20 16:03:42.411[                 ]INFO [otMybatisApplication:55]Starting SpringBootMybatisApplication on LAPTOP-LTAPOCEJ with PID 1012 (D:\FortunaMediatama\Belajar\Scheduler\SchedulerSMSEmail\target\classes started by Irawan Papang S in D:\FortunaMediatama\Belajar\Scheduler\SchedulerSMSEmail)
2021-12-20 16:03:42.419[                 ]INFO [otMybatisApplication:651]No active profile set, falling back to default profiles: default
2021-12-20 16:03:45.585[                 ]INFO [.SchedulerController:72][Scheaduler - ] Start Send Email 2021-12-20 16:03:45
2021-12-20 16:03:45.591[                 ]INFO [.SchedulerController:246][Scheaduler - ] Send SMS and Email Pada Waktu = 2021-12-19 19:36:01
2021-12-20 16:03:46.606[                 ]INFO [.SchedulerController:72][Scheaduler - ] Start Send Email 2021-12-20 16:03:46
2021-12-20 16:03:46.615[                 ]INFO [.SchedulerController:246][Scheaduler - ] Send SMS and Email Pada Waktu = 2021-12-19 19:36:01
2021-12-20 16:03:47.623[                 ]INFO [.SchedulerController:72][Scheaduler - ] Start Send Email 2021-12-20 16:03:47
2021-12-20 16:03:47.649[                 ]INFO [.SchedulerController:246][Scheaduler - ] Send SMS and Email Pada Waktu = 2021-12-19 19:36:01
2021-12-20 16:03:48.656[                 ]INFO [.SchedulerController:72][Scheaduler - ] Start Send Email 2021-12-20 16:03:48
2021-12-20 16:03:48.661[                 ]INFO [.SchedulerController:246][Scheaduler - ] Send SMS and Email Pada Waktu = 2021-12-19 19:36:01
2021-12-20 16:03:49.669[                 ]INFO [.SchedulerController:72][Scheaduler - ] Start Send Email 2021-12-20 16:03:49
2021-12-20 16:03:49.674[                 ]INFO [.SchedulerController:246][Scheaduler - ] Send SMS and Email Pada Waktu = 2021-12-19 19:36:01
2021-12-20 16:03:50.682[                 ]INFO [.SchedulerController:72][Scheaduler - ] Start Send Email 2021-12-20 16:03:50
2021-12-20 16:03:50.690[                 ]INFO [.SchedulerController:246][Scheaduler - ] Send SMS and Email Pada Waktu = 2021-12-19 19:36:01
2021-12-20 16:03:51.698[                 ]INFO [.SchedulerController:72][Scheaduler - ] Start Send Email 2021-12-20 16:03:51
2021-12-20 16:03:51.706[                 ]INFO [.SchedulerController:246][Scheaduler - ] Send SMS and Email Pada Waktu = 2021-12-19 19:36:01
2021-12-20 16:03:52.711[                 ]INFO [.SchedulerController:72][Scheaduler - ] Start Send Email 2021-12-20 16:03:52
2021-12-20 16:03:52.720[                 ]INFO [.SchedulerController:246][Scheaduler - ] Send SMS and Email Pada Waktu = 2021-12-19 19:36:01
2021-12-20 16:03:53.722[                 ]INFO [.SchedulerController:72][Scheaduler - ] Start Send Email 2021-12-20 16:03:53
2021-12-20 16:03:53.732[                 ]INFO [.SchedulerController:246][Scheaduler - ] Send SMS and Email Pada Waktu = 2021-12-19 19:36:01
2021-12-20 16:03:54.738[                 ]INFO [.SchedulerController:72][Scheaduler - ] Start Send Email 2021-12-20 16:03:54
2021-12-20 16:03:54.746[                 ]INFO [.SchedulerController:246][Scheaduler - ] Send SMS and Email Pada Waktu = 2021-12-19 19:36:01
2021-12-20 16:03:55.765[                 ]INFO [.SchedulerController:72][Scheaduler - ] Start Send Email 2021-12-20 16:03:55
2021-12-20 16:03:55.777[                 ]INFO [.SchedulerController:246][Scheaduler - ] Send SMS and Email Pada Waktu = 2021-12-19 19:36:01
2021-12-20 16:03:56.783[                 ]INFO [.SchedulerController:72][Scheaduler - ] Start Send Email 2021-12-20 16:03:56
2021-12-20 16:03:56.791[                 ]INFO [.SchedulerController:246][Scheaduler - ] Send SMS and Email Pada Waktu = 2021-12-19 19:36:01
2021-12-20 16:03:57.801[                 ]INFO [.SchedulerController:72][Scheaduler - ] Start Send Email 2021-12-20 16:03:57
2021-12-20 16:03:57.817[                 ]INFO [.SchedulerController:246][Scheaduler - ] Send SMS and Email Pada Waktu = 2021-12-19 19:36:01
2021-12-20 16:04:15.692[                 ]INFO [otMybatisApplication:55]Starting SpringBootMybatisApplication on LAPTOP-LTAPOCEJ with PID 10824 (D:\FortunaMediatama\Belajar\Scheduler\SchedulerSMSEmail\target\classes started by Irawan Papang S in D:\FortunaMediatama\Belajar\Scheduler\SchedulerSMSEmail)
2021-12-20 16:04:15.700[                 ]INFO [otMybatisApplication:651]No active profile set, falling back to default profiles: default
2021-12-20 16:04:18.470[                 ]INFO [.SchedulerController:72][Scheaduler - ] Start Send Email 2021-12-20 16:04:18
2021-12-20 16:04:18.478[                 ]INFO [.SchedulerController:246][Scheaduler - ] Send SMS and Email Pada Waktu = 2021-12-19 19:36:01
2021-12-20 16:04:18.707[                 ]INFO [otMybatisApplication:61]Started SpringBootMybatisApplication in 3.541 seconds (JVM running for 5.082)
2021-12-20 16:04:19.493[                 ]INFO [.SchedulerController:72][Scheaduler - ] Start Send Email 2021-12-20 16:04:19
2021-12-20 16:04:19.505[                 ]INFO [.SchedulerController:246][Scheaduler - ] Send SMS and Email Pada Waktu = 2021-12-19 19:36:01
2021-12-20 16:04:20.514[                 ]INFO [.SchedulerController:72][Scheaduler - ] Start Send Email 2021-12-20 16:04:20
2021-12-20 16:04:20.523[                 ]INFO [.SchedulerController:246][Scheaduler - ] Send SMS and Email Pada Waktu = 2021-12-19 19:36:01
2021-12-20 16:04:21.532[                 ]INFO [.SchedulerController:72][Scheaduler - ] Start Send Email 2021-12-20 16:04:21
2021-12-20 16:04:21.545[                 ]INFO [.SchedulerController:246][Scheaduler - ] Send SMS and Email Pada Waktu = 2021-12-19 19:36:01
2021-12-20 16:04:22.550[                 ]INFO [.SchedulerController:72][Scheaduler - ] Start Send Email 2021-12-20 16:04:22
2021-12-20 16:04:22.560[                 ]INFO [.SchedulerController:246][Scheaduler - ] Send SMS and Email Pada Waktu = 2021-12-19 19:36:01
2021-12-20 16:04:23.570[                 ]INFO [.SchedulerController:72][Scheaduler - ] Start Send Email 2021-12-20 16:04:23
2021-12-20 16:04:23.576[                 ]INFO [.SchedulerController:246][Scheaduler - ] Send SMS and Email Pada Waktu = 2021-12-19 19:36:01
2021-12-20 16:04:24.584[                 ]INFO [.SchedulerController:72][Scheaduler - ] Start Send Email 2021-12-20 16:04:24
2021-12-20 16:04:24.595[                 ]INFO [.SchedulerController:246][Scheaduler - ] Send SMS and Email Pada Waktu = 2021-12-19 19:36:01
2021-12-20 16:04:25.603[                 ]INFO [.SchedulerController:72][Scheaduler - ] Start Send Email 2021-12-20 16:04:25
2021-12-20 16:04:25.608[                 ]INFO [.SchedulerController:246][Scheaduler - ] Send SMS and Email Pada Waktu = 2021-12-19 19:36:01
2021-12-20 16:04:26.621[                 ]INFO [.SchedulerController:72][Scheaduler - ] Start Send Email 2021-12-20 16:04:26
2021-12-20 16:04:26.636[                 ]INFO [.SchedulerController:246][Scheaduler - ] Send SMS and Email Pada Waktu = 2021-12-19 19:36:01
2021-12-20 16:04:27.641[                 ]INFO [.SchedulerController:72][Scheaduler - ] Start Send Email 2021-12-20 16:04:27
2021-12-20 16:04:27.647[                 ]INFO [.SchedulerController:246][Scheaduler - ] Send SMS and Email Pada Waktu = 2021-12-19 19:36:01
2021-12-20 16:04:28.656[                 ]INFO [.SchedulerController:72][Scheaduler - ] Start Send Email 2021-12-20 16:04:28
2021-12-20 16:04:28.666[                 ]INFO [.SchedulerController:246][Scheaduler - ] Send SMS and Email Pada Waktu = 2021-12-19 19:36:01
2021-12-20 16:04:29.683[                 ]INFO [.SchedulerController:72][Scheaduler - ] Start Send Email 2021-12-20 16:04:29
2021-12-20 16:04:29.690[                 ]INFO [.SchedulerController:246][Scheaduler - ] Send SMS and Email Pada Waktu = 2021-12-19 19:36:01
2021-12-20 16:04:30.694[                 ]INFO [.SchedulerController:72][Scheaduler - ] Start Send Email 2021-12-20 16:04:30
2021-12-20 16:04:30.701[                 ]INFO [.SchedulerController:246][Scheaduler - ] Send SMS and Email Pada Waktu = 2021-12-19 19:36:01
2021-12-20 16:04:31.715[                 ]INFO [.SchedulerController:72][Scheaduler - ] Start Send Email 2021-12-20 16:04:31
2021-12-20 16:04:31.718[                 ]INFO [.SchedulerController:246][Scheaduler - ] Send SMS and Email Pada Waktu = 2021-12-19 19:36:01
2021-12-20 16:04:32.733[                 ]INFO [.SchedulerController:72][Scheaduler - ] Start Send Email 2021-12-20 16:04:32
2021-12-20 16:04:32.745[                 ]INFO [.SchedulerController:246][Scheaduler - ] Send SMS and Email Pada Waktu = 2021-12-19 19:36:01
2021-12-20 16:04:33.753[                 ]INFO [.SchedulerController:72][Scheaduler - ] Start Send Email 2021-12-20 16:04:33
2021-12-20 16:04:33.758[                 ]INFO [.SchedulerController:246][Scheaduler - ] Send SMS and Email Pada Waktu = 2021-12-19 19:36:01
2021-12-20 16:04:34.764[                 ]INFO [.SchedulerController:72][Scheaduler - ] Start Send Email 2021-12-20 16:04:34
2021-12-20 16:04:34.768[                 ]INFO [.SchedulerController:246][Scheaduler - ] Send SMS and Email Pada Waktu = 2021-12-19 19:36:01
2021-12-20 16:04:35.772[                 ]INFO [.SchedulerController:72][Scheaduler - ] Start Send Email 2021-12-20 16:04:35
2021-12-20 16:04:35.776[                 ]INFO [.SchedulerController:246][Scheaduler - ] Send SMS and Email Pada Waktu = 2021-12-19 19:36:01
2021-12-20 16:04:36.778[                 ]INFO [.SchedulerController:72][Scheaduler - ] Start Send Email 2021-12-20 16:04:36
2021-12-20 16:04:36.778[                 ]INFO [.SchedulerController:246][Scheaduler - ] Send SMS and Email Pada Waktu = 2021-12-19 19:36:01
2021-12-20 16:04:37.792[                 ]INFO [.SchedulerController:72][Scheaduler - ] Start Send Email 2021-12-20 16:04:37
2021-12-20 16:04:37.800[                 ]INFO [.SchedulerController:246][Scheaduler - ] Send SMS and Email Pada Waktu = 2021-12-19 19:36:01
2021-12-20 16:04:38.804[                 ]INFO [.SchedulerController:72][Scheaduler - ] Start Send Email 2021-12-20 16:04:38
2021-12-20 16:04:38.813[                 ]INFO [.SchedulerController:246][Scheaduler - ] Send SMS and Email Pada Waktu = 2021-12-19 19:36:01
2021-12-20 16:04:39.824[                 ]INFO [.SchedulerController:72][Scheaduler - ] Start Send Email 2021-12-20 16:04:39
2021-12-20 16:04:39.828[                 ]INFO [.SchedulerController:246][Scheaduler - ] Send SMS and Email Pada Waktu = 2021-12-19 19:36:01
2021-12-20 16:04:40.840[                 ]INFO [.SchedulerController:72][Scheaduler - ] Start Send Email 2021-12-20 16:04:40
2021-12-20 16:04:40.844[                 ]INFO [.SchedulerController:246][Scheaduler - ] Send SMS and Email Pada Waktu = 2021-12-19 19:36:01
2021-12-20 16:04:41.847[                 ]INFO [.SchedulerController:72][Scheaduler - ] Start Send Email 2021-12-20 16:04:41
2021-12-20 16:04:41.859[                 ]INFO [.SchedulerController:246][Scheaduler - ] Send SMS and Email Pada Waktu = 2021-12-19 19:36:01
2021-12-20 16:04:42.860[                 ]INFO [.SchedulerController:72][Scheaduler - ] Start Send Email 2021-12-20 16:04:42
2021-12-20 16:04:42.860[                 ]INFO [.SchedulerController:246][Scheaduler - ] Send SMS and Email Pada Waktu = 2021-12-19 19:36:01
2021-12-20 16:04:43.878[                 ]INFO [.SchedulerController:72][Scheaduler - ] Start Send Email 2021-12-20 16:04:43
2021-12-20 16:04:43.898[                 ]INFO [.SchedulerController:246][Scheaduler - ] Send SMS and Email Pada Waktu = 2021-12-19 19:36:01
2021-12-20 16:04:44.902[                 ]INFO [.SchedulerController:72][Scheaduler - ] Start Send Email 2021-12-20 16:04:44
2021-12-20 16:04:44.910[                 ]INFO [.SchedulerController:246][Scheaduler - ] Send SMS and Email Pada Waktu = 2021-12-19 19:36:01
2021-12-20 16:04:45.912[                 ]INFO [.SchedulerController:72][Scheaduler - ] Start Send Email 2021-12-20 16:04:45
2021-12-20 16:04:45.916[                 ]INFO [.SchedulerController:246][Scheaduler - ] Send SMS and Email Pada Waktu = 2021-12-19 19:36:01
2021-12-20 16:04:46.920[                 ]INFO [.SchedulerController:72][Scheaduler - ] Start Send Email 2021-12-20 16:04:46
2021-12-20 16:04:46.920[                 ]INFO [.SchedulerController:246][Scheaduler - ] Send SMS and Email Pada Waktu = 2021-12-19 19:36:01
2021-12-20 16:04:47.931[                 ]INFO [.SchedulerController:72][Scheaduler - ] Start Send Email 2021-12-20 16:04:47
2021-12-20 16:04:47.935[                 ]INFO [.SchedulerController:246][Scheaduler - ] Send SMS and Email Pada Waktu = 2021-12-19 19:36:01
2021-12-20 16:04:48.939[                 ]INFO [.SchedulerController:72][Scheaduler - ] Start Send Email 2021-12-20 16:04:48
2021-12-20 16:04:48.943[                 ]INFO [.SchedulerController:246][Scheaduler - ] Send SMS and Email Pada Waktu = 2021-12-19 19:36:01
2021-12-20 16:04:49.954[                 ]INFO [.SchedulerController:72][Scheaduler - ] Start Send Email 2021-12-20 16:04:49
2021-12-20 16:04:49.954[                 ]INFO [.SchedulerController:246][Scheaduler - ] Send SMS and Email Pada Waktu = 2021-12-19 19:36:01
2021-12-20 16:04:50.966[                 ]INFO [.SchedulerController:72][Scheaduler - ] Start Send Email 2021-12-20 16:04:50
2021-12-20 16:04:50.966[                 ]INFO [.SchedulerController:246][Scheaduler - ] Send SMS and Email Pada Waktu = 2021-12-19 19:36:01
2021-12-20 16:04:51.977[                 ]INFO [.SchedulerController:72][Scheaduler - ] Start Send Email 2021-12-20 16:04:51
2021-12-20 16:04:51.977[                 ]INFO [.SchedulerController:246][Scheaduler - ] Send SMS and Email Pada Waktu = 2021-12-19 19:36:01
2021-12-20 16:04:52.987[                 ]INFO [.SchedulerController:72][Scheaduler - ] Start Send Email 2021-12-20 16:04:52
2021-12-20 16:04:52.991[                 ]INFO [.SchedulerController:246][Scheaduler - ] Send SMS and Email Pada Waktu = 2021-12-19 19:36:01
2021-12-20 16:04:53.999[                 ]INFO [.SchedulerController:72][Scheaduler - ] Start Send Email 2021-12-20 16:04:53
2021-12-20 16:04:54.003[                 ]INFO [.SchedulerController:246][Scheaduler - ] Send SMS and Email Pada Waktu = 2021-12-19 19:36:01
2021-12-20 16:04:55.008[                 ]INFO [.SchedulerController:72][Scheaduler - ] Start Send Email 2021-12-20 16:04:55
2021-12-20 16:04:55.012[                 ]INFO [.SchedulerController:246][Scheaduler - ] Send SMS and Email Pada Waktu = 2021-12-19 19:36:01
2021-12-20 16:04:56.028[                 ]INFO [.SchedulerController:72][Scheaduler - ] Start Send Email 2021-12-20 16:04:56
2021-12-20 16:04:56.036[                 ]INFO [.SchedulerController:246][Scheaduler - ] Send SMS and Email Pada Waktu = 2021-12-19 19:36:01
2021-12-20 16:04:57.054[                 ]INFO [.SchedulerController:72][Scheaduler - ] Start Send Email 2021-12-20 16:04:57
2021-12-20 16:04:57.066[                 ]INFO [.SchedulerController:246][Scheaduler - ] Send SMS and Email Pada Waktu = 2021-12-19 19:36:01
2021-12-20 16:04:58.081[                 ]INFO [.SchedulerController:72][Scheaduler - ] Start Send Email 2021-12-20 16:04:58
2021-12-20 16:04:58.081[                 ]INFO [.SchedulerController:246][Scheaduler - ] Send SMS and Email Pada Waktu = 2021-12-19 19:36:01
2021-12-20 16:04:59.111[                 ]INFO [.SchedulerController:72][Scheaduler - ] Start Send Email 2021-12-20 16:04:59
2021-12-20 16:04:59.111[                 ]INFO [.SchedulerController:246][Scheaduler - ] Send SMS and Email Pada Waktu = 2021-12-19 19:36:01
2021-12-20 16:05:00.121[                 ]INFO [.SchedulerController:72][Scheaduler - ] Start Send Email 2021-12-20 16:05:00
2021-12-20 16:05:00.121[                 ]INFO [.SchedulerController:246][Scheaduler - ] Send SMS and Email Pada Waktu = 2021-12-19 19:36:01
2021-12-20 16:05:01.130[                 ]INFO [.SchedulerController:72][Scheaduler - ] Start Send Email 2021-12-20 16:05:01
2021-12-20 16:05:01.135[                 ]INFO [.SchedulerController:246][Scheaduler - ] Send SMS and Email Pada Waktu = 2021-12-19 19:36:01
2021-12-20 16:05:02.179[                 ]INFO [.SchedulerController:72][Scheaduler - ] Start Send Email 2021-12-20 16:05:02
2021-12-20 16:05:02.234[                 ]INFO [.SchedulerController:246][Scheaduler - ] Send SMS and Email Pada Waktu = 2021-12-19 19:36:01
2021-12-20 16:05:03.241[                 ]INFO [.SchedulerController:72][Scheaduler - ] Start Send Email 2021-12-20 16:05:03
2021-12-20 16:05:03.241[                 ]INFO [.SchedulerController:246][Scheaduler - ] Send SMS and Email Pada Waktu = 2021-12-19 19:36:01
2021-12-20 16:05:04.252[                 ]INFO [.SchedulerController:72][Scheaduler - ] Start Send Email 2021-12-20 16:05:04
2021-12-20 16:05:04.256[                 ]INFO [.SchedulerController:246][Scheaduler - ] Send SMS and Email Pada Waktu = 2021-12-19 19:36:01
2021-12-20 16:05:05.276[                 ]INFO [.SchedulerController:72][Scheaduler - ] Start Send Email 2021-12-20 16:05:05
2021-12-20 16:05:05.276[                 ]INFO [.SchedulerController:246][Scheaduler - ] Send SMS and Email Pada Waktu = 2021-12-19 19:36:01
2021-12-20 16:05:06.285[                 ]INFO [.SchedulerController:72][Scheaduler - ] Start Send Email 2021-12-20 16:05:06
2021-12-20 16:05:06.289[                 ]INFO [.SchedulerController:246][Scheaduler - ] Send SMS and Email Pada Waktu = 2021-12-19 19:36:01
2021-12-20 16:05:07.303[                 ]INFO [.SchedulerController:72][Scheaduler - ] Start Send Email 2021-12-20 16:05:07
2021-12-20 16:05:07.307[                 ]INFO [.SchedulerController:246][Scheaduler - ] Send SMS and Email Pada Waktu = 2021-12-19 19:36:01
2021-12-20 16:05:08.316[                 ]INFO [.SchedulerController:72][Scheaduler - ] Start Send Email 2021-12-20 16:05:08
2021-12-20 16:05:08.316[                 ]INFO [.SchedulerController:246][Scheaduler - ] Send SMS and Email Pada Waktu = 2021-12-19 19:36:01
2021-12-20 16:05:09.325[                 ]INFO [.SchedulerController:72][Scheaduler - ] Start Send Email 2021-12-20 16:05:09
2021-12-20 16:05:09.329[                 ]INFO [.SchedulerController:246][Scheaduler - ] Send SMS and Email Pada Waktu = 2021-12-19 19:36:01
2021-12-20 16:05:10.336[                 ]INFO [.SchedulerController:72][Scheaduler - ] Start Send Email 2021-12-20 16:05:10
2021-12-20 16:05:10.342[                 ]INFO [.SchedulerController:246][Scheaduler - ] Send SMS and Email Pada Waktu = 2021-12-19 19:36:01
2021-12-20 16:05:11.347[                 ]INFO [.SchedulerController:72][Scheaduler - ] Start Send Email 2021-12-20 16:05:11
2021-12-20 16:05:11.351[                 ]INFO [.SchedulerController:246][Scheaduler - ] Send SMS and Email Pada Waktu = 2021-12-19 19:36:01
2021-12-20 16:05:12.359[                 ]INFO [.SchedulerController:72][Scheaduler - ] Start Send Email 2021-12-20 16:05:12
2021-12-20 16:05:12.364[                 ]INFO [.SchedulerController:246][Scheaduler - ] Send SMS and Email Pada Waktu = 2021-12-19 19:36:01
2021-12-20 16:05:13.372[                 ]INFO [.SchedulerController:72][Scheaduler - ] Start Send Email 2021-12-20 16:05:13
2021-12-20 16:05:13.372[                 ]INFO [.SchedulerController:246][Scheaduler - ] Send SMS and Email Pada Waktu = 2021-12-19 19:36:01
2021-12-20 16:05:14.380[                 ]INFO [.SchedulerController:72][Scheaduler - ] Start Send Email 2021-12-20 16:05:14
2021-12-20 16:05:14.384[                 ]INFO [.SchedulerController:246][Scheaduler - ] Send SMS and Email Pada Waktu = 2021-12-19 19:36:01
2021-12-20 16:05:15.391[                 ]INFO [.SchedulerController:72][Scheaduler - ] Start Send Email 2021-12-20 16:05:15
2021-12-20 16:05:15.395[                 ]INFO [.SchedulerController:246][Scheaduler - ] Send SMS and Email Pada Waktu = 2021-12-19 19:36:01
2021-12-20 16:05:16.405[                 ]INFO [.SchedulerController:72][Scheaduler - ] Start Send Email 2021-12-20 16:05:16
2021-12-20 16:05:16.409[                 ]INFO [.SchedulerController:246][Scheaduler - ] Send SMS and Email Pada Waktu = 2021-12-19 19:36:01
2021-12-20 16:05:17.422[                 ]INFO [.SchedulerController:72][Scheaduler - ] Start Send Email 2021-12-20 16:05:17
2021-12-20 16:05:17.422[                 ]INFO [.SchedulerController:246][Scheaduler - ] Send SMS and Email Pada Waktu = 2021-12-19 19:36:01
2021-12-20 16:05:18.436[                 ]INFO [.SchedulerController:72][Scheaduler - ] Start Send Email 2021-12-20 16:05:18
2021-12-20 16:05:18.440[                 ]INFO [.SchedulerController:246][Scheaduler - ] Send SMS and Email Pada Waktu = 2021-12-19 19:36:01
2021-12-20 16:05:19.444[                 ]INFO [.SchedulerController:72][Scheaduler - ] Start Send Email 2021-12-20 16:05:19
2021-12-20 16:05:19.448[                 ]INFO [.SchedulerController:246][Scheaduler - ] Send SMS and Email Pada Waktu = 2021-12-19 19:36:01
2021-12-20 16:05:20.460[                 ]INFO [.SchedulerController:72][Scheaduler - ] Start Send Email 2021-12-20 16:05:20
2021-12-20 16:05:20.460[                 ]INFO [.SchedulerController:246][Scheaduler - ] Send SMS and Email Pada Waktu = 2021-12-19 19:36:01
2021-12-20 16:05:21.476[                 ]INFO [.SchedulerController:72][Scheaduler - ] Start Send Email 2021-12-20 16:05:21
2021-12-20 16:05:21.476[                 ]INFO [.SchedulerController:246][Scheaduler - ] Send SMS and Email Pada Waktu = 2021-12-19 19:36:01
2021-12-20 16:05:22.490[                 ]INFO [.SchedulerController:72][Scheaduler - ] Start Send Email 2021-12-20 16:05:22
2021-12-20 16:05:22.494[                 ]INFO [.SchedulerController:246][Scheaduler - ] Send SMS and Email Pada Waktu = 2021-12-19 19:36:01
2021-12-20 16:05:23.511[                 ]INFO [.SchedulerController:72][Scheaduler - ] Start Send Email 2021-12-20 16:05:23
2021-12-20 16:05:23.511[                 ]INFO [.SchedulerController:246][Scheaduler - ] Send SMS and Email Pada Waktu = 2021-12-19 19:36:01
2021-12-20 16:05:24.523[                 ]INFO [.SchedulerController:72][Scheaduler - ] Start Send Email 2021-12-20 16:05:24
2021-12-20 16:05:24.523[                 ]INFO [.SchedulerController:246][Scheaduler - ] Send SMS and Email Pada Waktu = 2021-12-19 19:36:01
2021-12-20 16:05:25.537[                 ]INFO [.SchedulerController:72][Scheaduler - ] Start Send Email 2021-12-20 16:05:25
2021-12-20 16:05:25.537[                 ]INFO [.SchedulerController:246][Scheaduler - ] Send SMS and Email Pada Waktu = 2021-12-19 19:36:01
2021-12-20 16:05:26.545[                 ]INFO [.SchedulerController:72][Scheaduler - ] Start Send Email 2021-12-20 16:05:26
2021-12-20 16:05:26.560[                 ]INFO [.SchedulerController:246][Scheaduler - ] Send SMS and Email Pada Waktu = 2021-12-19 19:36:01
2021-12-20 16:05:27.574[                 ]INFO [.SchedulerController:72][Scheaduler - ] Start Send Email 2021-12-20 16:05:27
2021-12-20 16:05:27.574[                 ]INFO [.SchedulerController:246][Scheaduler - ] Send SMS and Email Pada Waktu = 2021-12-19 19:36:01
2021-12-20 16:05:28.585[                 ]INFO [.SchedulerController:72][Scheaduler - ] Start Send Email 2021-12-20 16:05:28
2021-12-20 16:05:28.585[                 ]INFO [.SchedulerController:246][Scheaduler - ] Send SMS and Email Pada Waktu = 2021-12-19 19:36:01
2021-12-20 16:05:29.592[                 ]INFO [.SchedulerController:72][Scheaduler - ] Start Send Email 2021-12-20 16:05:29
2021-12-20 16:05:29.592[                 ]INFO [.SchedulerController:246][Scheaduler - ] Send SMS and Email Pada Waktu = 2021-12-19 19:36:01
2021-12-20 16:05:30.604[                 ]INFO [.SchedulerController:72][Scheaduler - ] Start Send Email 2021-12-20 16:05:30
2021-12-20 16:05:30.630[                 ]INFO [.SchedulerController:246][Scheaduler - ] Send SMS and Email Pada Waktu = 2021-12-19 19:36:01
2021-12-20 16:05:31.642[                 ]INFO [.SchedulerController:72][Scheaduler - ] Start Send Email 2021-12-20 16:05:31
2021-12-20 16:05:31.642[                 ]INFO [.SchedulerController:246][Scheaduler - ] Send SMS and Email Pada Waktu = 2021-12-19 19:36:01
2021-12-20 16:05:32.651[                 ]INFO [.SchedulerController:72][Scheaduler - ] Start Send Email 2021-12-20 16:05:32
2021-12-20 16:05:32.651[                 ]INFO [.SchedulerController:246][Scheaduler - ] Send SMS and Email Pada Waktu = 2021-12-19 19:36:01
2021-12-20 16:05:33.664[                 ]INFO [.SchedulerController:72][Scheaduler - ] Start Send Email 2021-12-20 16:05:33
2021-12-20 16:05:33.664[                 ]INFO [.SchedulerController:246][Scheaduler - ] Send SMS and Email Pada Waktu = 2021-12-19 19:36:01
2021-12-20 16:05:34.672[                 ]INFO [.SchedulerController:72][Scheaduler - ] Start Send Email 2021-12-20 16:05:34
2021-12-20 16:05:34.672[                 ]INFO [.SchedulerController:246][Scheaduler - ] Send SMS and Email Pada Waktu = 2021-12-19 19:36:01
2021-12-20 16:05:35.681[                 ]INFO [.SchedulerController:72][Scheaduler - ] Start Send Email 2021-12-20 16:05:35
2021-12-20 16:05:35.681[                 ]INFO [.SchedulerController:246][Scheaduler - ] Send SMS and Email Pada Waktu = 2021-12-19 19:36:01
2021-12-20 16:05:36.689[                 ]INFO [.SchedulerController:72][Scheaduler - ] Start Send Email 2021-12-20 16:05:36
2021-12-20 16:05:36.689[                 ]INFO [.SchedulerController:246][Scheaduler - ] Send SMS and Email Pada Waktu = 2021-12-19 19:36:01
2021-12-20 16:05:37.346[                 ]INFO [.SubcriberController:217][Subcriber - Get Data] Start Get Data
2021-12-20 16:05:37.682[                 ]INFO [.SubcriberController:234][Subcriber - Get Data] Success
2021-12-20 16:05:37.697[                 ]INFO [.SchedulerController:72][Scheaduler - ] Start Send Email 2021-12-20 16:05:37
2021-12-20 16:05:37.697[                 ]INFO [.SchedulerController:246][Scheaduler - ] Send SMS and Email Pada Waktu = 2021-12-19 19:36:01
2021-12-20 16:05:38.710[                 ]INFO [.SchedulerController:72][Scheaduler - ] Start Send Email 2021-12-20 16:05:38
2021-12-20 16:05:38.710[                 ]INFO [.SchedulerController:246][Scheaduler - ] Send SMS and Email Pada Waktu = 2021-12-19 19:36:01
2021-12-20 16:05:39.720[                 ]INFO [.SchedulerController:72][Scheaduler - ] Start Send Email 2021-12-20 16:05:39
2021-12-20 16:05:39.720[                 ]INFO [.SchedulerController:246][Scheaduler - ] Send SMS and Email Pada Waktu = 2021-12-19 19:36:01
2021-12-20 16:05:40.732[                 ]INFO [.SchedulerController:72][Scheaduler - ] Start Send Email 2021-12-20 16:05:40
2021-12-20 16:05:40.732[                 ]INFO [.SchedulerController:246][Scheaduler - ] Send SMS and Email Pada Waktu = 2021-12-19 19:36:01
2021-12-20 16:05:41.740[                 ]INFO [.SchedulerController:72][Scheaduler - ] Start Send Email 2021-12-20 16:05:41
2021-12-20 16:05:41.740[                 ]INFO [.SchedulerController:246][Scheaduler - ] Send SMS and Email Pada Waktu = 2021-12-19 19:36:01
2021-12-20 16:05:42.747[                 ]INFO [.SchedulerController:72][Scheaduler - ] Start Send Email 2021-12-20 16:05:42
2021-12-20 16:05:42.747[                 ]INFO [.SchedulerController:246][Scheaduler - ] Send SMS and Email Pada Waktu = 2021-12-19 19:36:01
2021-12-20 16:05:43.760[                 ]INFO [.SchedulerController:72][Scheaduler - ] Start Send Email 2021-12-20 16:05:43
2021-12-20 16:05:43.775[                 ]INFO [.SchedulerController:246][Scheaduler - ] Send SMS and Email Pada Waktu = 2021-12-19 19:36:01
2021-12-20 16:05:44.785[                 ]INFO [.SchedulerController:72][Scheaduler - ] Start Send Email 2021-12-20 16:05:44
2021-12-20 16:05:44.785[                 ]INFO [.SchedulerController:246][Scheaduler - ] Send SMS and Email Pada Waktu = 2021-12-19 19:36:01
2021-12-20 16:05:45.785[                 ]INFO [.SchedulerController:72][Scheaduler - ] Start Send Email 2021-12-20 16:05:45
2021-12-20 16:05:45.817[                 ]INFO [.SchedulerController:246][Scheaduler - ] Send SMS and Email Pada Waktu = 2021-12-19 19:36:01
2021-12-20 16:05:46.820[                 ]INFO [.SchedulerController:72][Scheaduler - ] Start Send Email 2021-12-20 16:05:46
2021-12-20 16:05:46.820[                 ]INFO [.SchedulerController:246][Scheaduler - ] Send SMS and Email Pada Waktu = 2021-12-19 19:36:01
2021-12-20 16:05:47.835[                 ]INFO [.SchedulerController:72][Scheaduler - ] Start Send Email 2021-12-20 16:05:47
2021-12-20 16:05:47.836[                 ]INFO [.SchedulerController:246][Scheaduler - ] Send SMS and Email Pada Waktu = 2021-12-19 19:36:01
2021-12-20 16:05:48.844[                 ]INFO [.SchedulerController:72][Scheaduler - ] Start Send Email 2021-12-20 16:05:48
2021-12-20 16:05:48.844[                 ]INFO [.SchedulerController:246][Scheaduler - ] Send SMS and Email Pada Waktu = 2021-12-19 19:36:01
2021-12-20 16:05:49.857[                 ]INFO [.SchedulerController:72][Scheaduler - ] Start Send Email 2021-12-20 16:05:49
2021-12-20 16:05:49.861[                 ]INFO [.SchedulerController:246][Scheaduler - ] Send SMS and Email Pada Waktu = 2021-12-19 19:36:01
2021-12-20 16:05:50.872[                 ]INFO [.SchedulerController:72][Scheaduler - ] Start Send Email 2021-12-20 16:05:50
2021-12-20 16:05:50.877[                 ]INFO [.SchedulerController:246][Scheaduler - ] Send SMS and Email Pada Waktu = 2021-12-19 19:36:01
2021-12-20 16:05:51.887[                 ]INFO [.SchedulerController:72][Scheaduler - ] Start Send Email 2021-12-20 16:05:51
2021-12-20 16:05:51.894[                 ]INFO [.SchedulerController:246][Scheaduler - ] Send SMS and Email Pada Waktu = 2021-12-19 19:36:01
2021-12-20 16:05:52.904[                 ]INFO [.SchedulerController:72][Scheaduler - ] Start Send Email 2021-12-20 16:05:52
2021-12-20 16:05:52.909[                 ]INFO [.SchedulerController:246][Scheaduler - ] Send SMS and Email Pada Waktu = 2021-12-19 19:36:01
2021-12-20 16:05:53.926[                 ]INFO [.SchedulerController:72][Scheaduler - ] Start Send Email 2021-12-20 16:05:53
2021-12-20 16:05:53.931[                 ]INFO [.SchedulerController:246][Scheaduler - ] Send SMS and Email Pada Waktu = 2021-12-19 19:36:01
2021-12-20 16:05:54.942[                 ]INFO [.SchedulerController:72][Scheaduler - ] Start Send Email 2021-12-20 16:05:54
2021-12-20 16:05:54.947[                 ]INFO [.SchedulerController:246][Scheaduler - ] Send SMS and Email Pada Waktu = 2021-12-19 19:36:01
2021-12-20 16:05:55.964[                 ]INFO [.SchedulerController:72][Scheaduler - ] Start Send Email 2021-12-20 16:05:55
2021-12-20 16:05:55.983[                 ]INFO [.SchedulerController:246][Scheaduler - ] Send SMS and Email Pada Waktu = 2021-12-19 19:36:01
2021-12-20 16:05:56.987[                 ]INFO [.SchedulerController:72][Scheaduler - ] Start Send Email 2021-12-20 16:05:56
2021-12-20 16:05:56.992[                 ]INFO [.SchedulerController:246][Scheaduler - ] Send SMS and Email Pada Waktu = 2021-12-19 19:36:01
2021-12-20 16:05:58.000[                 ]INFO [.SchedulerController:72][Scheaduler - ] Start Send Email 2021-12-20 16:05:58
2021-12-20 16:05:58.004[                 ]INFO [.SchedulerController:246][Scheaduler - ] Send SMS and Email Pada Waktu = 2021-12-19 19:36:01
2021-12-20 16:05:59.017[                 ]INFO [.SchedulerController:72][Scheaduler - ] Start Send Email 2021-12-20 16:05:59
2021-12-20 16:05:59.023[                 ]INFO [.SchedulerController:246][Scheaduler - ] Send SMS and Email Pada Waktu = 2021-12-19 19:36:01
2021-12-20 16:06:00.033[                 ]INFO [.SchedulerController:72][Scheaduler - ] Start Send Email 2021-12-20 16:06:00
2021-12-20 16:06:00.041[                 ]INFO [.SchedulerController:246][Scheaduler - ] Send SMS and Email Pada Waktu = 2021-12-19 19:36:01
2021-12-20 16:06:01.057[                 ]INFO [.SchedulerController:72][Scheaduler - ] Start Send Email 2021-12-20 16:06:01
2021-12-20 16:06:01.057[                 ]INFO [.SchedulerController:246][Scheaduler - ] Send SMS and Email Pada Waktu = 2021-12-19 19:36:01
2021-12-20 16:06:02.075[                 ]INFO [.SchedulerController:72][Scheaduler - ] Start Send Email 2021-12-20 16:06:02
2021-12-20 16:06:02.075[                 ]INFO [.SchedulerController:246][Scheaduler - ] Send SMS and Email Pada Waktu = 2021-12-19 19:36:01
2021-12-20 16:06:03.084[                 ]INFO [.SchedulerController:72][Scheaduler - ] Start Send Email 2021-12-20 16:06:03
2021-12-20 16:06:03.084[                 ]INFO [.SchedulerController:246][Scheaduler - ] Send SMS and Email Pada Waktu = 2021-12-19 19:36:01
2021-12-20 16:06:04.091[                 ]INFO [.SchedulerController:72][Scheaduler - ] Start Send Email 2021-12-20 16:06:04
2021-12-20 16:06:04.091[                 ]INFO [.SchedulerController:246][Scheaduler - ] Send SMS and Email Pada Waktu = 2021-12-19 19:36:01
2021-12-20 16:06:05.099[                 ]INFO [.SchedulerController:72][Scheaduler - ] Start Send Email 2021-12-20 16:06:05
2021-12-20 16:06:05.099[                 ]INFO [.SchedulerController:246][Scheaduler - ] Send SMS and Email Pada Waktu = 2021-12-19 19:36:01
2021-12-20 16:06:06.110[                 ]INFO [.SchedulerController:72][Scheaduler - ] Start Send Email 2021-12-20 16:06:06
2021-12-20 16:06:06.110[                 ]INFO [.SchedulerController:246][Scheaduler - ] Send SMS and Email Pada Waktu = 2021-12-19 19:36:01
2021-12-20 16:06:07.129[                 ]INFO [.SchedulerController:72][Scheaduler - ] Start Send Email 2021-12-20 16:06:07
2021-12-20 16:06:07.129[                 ]INFO [.SchedulerController:246][Scheaduler - ] Send SMS and Email Pada Waktu = 2021-12-19 19:36:01
2021-12-20 16:06:08.135[                 ]INFO [.SchedulerController:72][Scheaduler - ] Start Send Email 2021-12-20 16:06:08
2021-12-20 16:06:08.135[                 ]INFO [.SchedulerController:246][Scheaduler - ] Send SMS and Email Pada Waktu = 2021-12-19 19:36:01
2021-12-20 16:06:09.148[                 ]INFO [.SchedulerController:72][Scheaduler - ] Start Send Email 2021-12-20 16:06:09
2021-12-20 16:06:09.148[                 ]INFO [.SchedulerController:246][Scheaduler - ] Send SMS and Email Pada Waktu = 2021-12-19 19:36:01
2021-12-20 16:06:10.159[                 ]INFO [.SchedulerController:72][Scheaduler - ] Start Send Email 2021-12-20 16:06:10
2021-12-20 16:06:10.168[                 ]INFO [.SchedulerController:246][Scheaduler - ] Send SMS and Email Pada Waktu = 2021-12-19 19:36:01
2021-12-20 16:06:11.180[                 ]INFO [.SchedulerController:72][Scheaduler - ] Start Send Email 2021-12-20 16:06:11
2021-12-20 16:06:11.180[                 ]INFO [.SchedulerController:246][Scheaduler - ] Send SMS and Email Pada Waktu = 2021-12-19 19:36:01
2021-12-20 16:06:11.902[                 ]INFO [.SubcriberController:217][Subcriber - Get Data] Start Get Data
2021-12-20 16:06:11.910[                 ]INFO [.SubcriberController:234][Subcriber - Get Data] Success
2021-12-20 16:06:12.187[                 ]INFO [.SchedulerController:72][Scheaduler - ] Start Send Email 2021-12-20 16:06:12
2021-12-20 16:06:12.187[                 ]INFO [.SchedulerController:246][Scheaduler - ] Send SMS and Email Pada Waktu = 2021-12-19 19:36:01
2021-12-20 16:06:13.195[                 ]INFO [.SchedulerController:72][Scheaduler - ] Start Send Email 2021-12-20 16:06:13
2021-12-20 16:06:13.195[                 ]INFO [.SchedulerController:246][Scheaduler - ] Send SMS and Email Pada Waktu = 2021-12-19 19:36:01
2021-12-20 16:06:14.206[                 ]INFO [.SchedulerController:72][Scheaduler - ] Start Send Email 2021-12-20 16:06:14
2021-12-20 16:06:14.206[                 ]INFO [.SchedulerController:246][Scheaduler - ] Send SMS and Email Pada Waktu = 2021-12-19 19:36:01
2021-12-20 16:06:15.224[                 ]INFO [.SchedulerController:72][Scheaduler - ] Start Send Email 2021-12-20 16:06:15
2021-12-20 16:06:15.228[                 ]INFO [.SchedulerController:246][Scheaduler - ] Send SMS and Email Pada Waktu = 2021-12-19 19:36:01
2021-12-20 16:06:16.234[                 ]INFO [.SchedulerController:72][Scheaduler - ] Start Send Email 2021-12-20 16:06:16
2021-12-20 16:06:16.238[                 ]INFO [.SchedulerController:246][Scheaduler - ] Send SMS and Email Pada Waktu = 2021-12-19 19:36:01
2021-12-20 16:06:17.247[                 ]INFO [.SchedulerController:72][Scheaduler - ] Start Send Email 2021-12-20 16:06:17
2021-12-20 16:06:17.247[                 ]INFO [.SchedulerController:246][Scheaduler - ] Send SMS and Email Pada Waktu = 2021-12-19 19:36:01
2021-12-20 16:06:18.261[                 ]INFO [.SchedulerController:72][Scheaduler - ] Start Send Email 2021-12-20 16:06:18
2021-12-20 16:06:18.261[                 ]INFO [.SchedulerController:246][Scheaduler - ] Send SMS and Email Pada Waktu = 2021-12-19 19:36:01
2021-12-20 16:06:19.285[                 ]INFO [.SchedulerController:72][Scheaduler - ] Start Send Email 2021-12-20 16:06:19
2021-12-20 16:06:19.290[                 ]INFO [.SchedulerController:246][Scheaduler - ] Send SMS and Email Pada Waktu = 2021-12-19 19:36:01
2021-12-20 16:06:20.293[                 ]INFO [.SchedulerController:72][Scheaduler - ] Start Send Email 2021-12-20 16:06:20
2021-12-20 16:06:20.298[                 ]INFO [.SchedulerController:246][Scheaduler - ] Send SMS and Email Pada Waktu = 2021-12-19 19:36:01
